# JRE version: Java(TM) SE Runtime Environment (8.0_221-b11) (build 1.8.0_221-b11)
# Java VM: Java HotSpot(TM) 64-Bit Server VM (25.221-b11 mixed mode windows-amd64 compressed oops)
Heap:
 PSYoungGen      total 140288K, used 114247K [0x00000000f5580000, 0x00000000fff80000, 0x0000000100000000)
  eden space 108544K, 92% used [0x00000000f5580000,0x00000000fb799ca8,0x00000000fbf80000)
  from space 31744K, 43% used [0x00000000fbf80000,0x00000000fccf8030,0x00000000fde80000)
  to   space 30720K, 0% used [0x00000000fe180000,0x00000000fe180000,0x00000000fff80000)
 ParOldGen       total 285184K, used 192433K [0x00000000e0000000, 0x00000000f1680000, 0x00000000f5580000)
  object space 285184K, 67% used [0x00000000e0000000,0x00000000ebbec748,0x00000000f1680000)
 Metaspace       used 102954K, capacity 110470K, committed 110720K, reserved 1144832K
  class space    used 13555K, capacity 15026K, committed 15232K, reserved 1048576K
GC Heap History (10 events):
Event: 8822.902 GC heap before
{Heap before GC invocations=64 (full 5):
 PSYoungGen      total 136192K, used 119888K [0x00000000f5580000, 0x00000000ffb00000, 0x0000000100000000)
  eden space 107008K, 100% used [0x00000000f5580000,0x00000000fbe00000,0x00000000fbe00000)
  from space 29184K, 44% used [0x00000000fde80000,0x00000000feb14020,0x00000000ffb00000)
  to   space 31232K, 0% used [0x00000000fbe00000,0x00000000fbe00000,0x00000000fdc80000)
 ParOldGen       total 285184K, used 140014K [0x00000000e0000000, 0x00000000f1680000, 0x00000000f5580000)
  object space 285184K, 49% used [0x00000000e0000000,0x00000000e88bb810,0x00000000f1680000)
 Metaspace       used 102558K, capacity 109944K, committed 110208K, reserved 1144832K
  class space    used 13525K, capacity 14979K, committed 15232K, reserved 1048576K
Event: 8823.078 GC heap after
Heap after GC invocations=64 (full 5):
 PSYoungGen      total 138240K, used 3948K [0x00000000f5580000, 0x0000000100000000, 0x0000000100000000)
  eden space 107008K, 0% used [0x00000000f5580000,0x00000000f5580000,0x00000000fbe00000)
  from space 31232K, 12% used [0x00000000fbe00000,0x00000000fc1db220,0x00000000fdc80000)
  to   space 30720K, 0% used [0x00000000fe200000,0x00000000fe200000,0x0000000100000000)
 ParOldGen       total 285184K, used 151197K [0x00000000e0000000, 0x00000000f1680000, 0x00000000f5580000)
  object space 285184K, 53% used [0x00000000e0000000,0x00000000e93a76b0,0x00000000f1680000)
 Metaspace       used 102558K, capacity 109944K, committed 110208K, reserved 1144832K
  class space    used 13525K, capacity 14979K, committed 15232K, reserved 1048576K
}
Event: 8826.186 GC heap before
{Heap before GC invocations=65 (full 5):
 PSYoungGen      total 138240K, used 110956K [0x00000000f5580000, 0x0000000100000000, 0x0000000100000000)
  eden space 107008K, 100% used [0x00000000f5580000,0x00000000fbe00000,0x00000000fbe00000)
  from space 31232K, 12% used [0x00000000fbe00000,0x00000000fc1db220,0x00000000fdc80000)
  to   space 30720K, 0% used [0x00000000fe200000,0x00000000fe200000,0x0000000100000000)
 ParOldGen       total 285184K, used 151197K [0x00000000e0000000, 0x00000000f1680000, 0x00000000f5580000)
  object space 285184K, 53% used [0x00000000e0000000,0x00000000e93a76b0,0x00000000f1680000)
 Metaspace       used 102617K, capacity 110016K, committed 110464K, reserved 1144832K
  class space    used 13525K, capacity 14979K, committed 15232K, reserved 1048576K
Event: 8826.499 GC heap after
Heap after GC invocations=65 (full 5):
 PSYoungGen      total 138752K, used 23376K [0x00000000f5580000, 0x0000000100000000, 0x0000000100000000)
  eden space 108032K, 0% used [0x00000000f5580000,0x00000000f5580000,0x00000000fbf00000)
  from space 30720K, 76% used [0x00000000fe200000,0x00000000ff8d4020,0x0000000100000000)
  to   space 33280K, 0% used [0x00000000fbf00000,0x00000000fbf00000,0x00000000fdf80000)
 ParOldGen       total 285184K, used 154761K [0x00000000e0000000, 0x00000000f1680000, 0x00000000f5580000)
  object space 285184K, 54% used [0x00000000e0000000,0x00000000e97226c8,0x00000000f1680000)
 Metaspace       used 102617K, capacity 110016K, committed 110464K, reserved 1144832K
  class space    used 13525K, capacity 14979K, committed 15232K, reserved 1048576K
}
Event: 8832.349 GC heap before
{Heap before GC invocations=66 (full 5):
 PSYoungGen      total 138752K, used 131408K [0x00000000f5580000, 0x0000000100000000, 0x0000000100000000)
  eden space 108032K, 100% used [0x00000000f5580000,0x00000000fbf00000,0x00000000fbf00000)
  from space 30720K, 76% used [0x00000000fe200000,0x00000000ff8d4020,0x0000000100000000)
  to   space 33280K, 0% used [0x00000000fbf00000,0x00000000fbf00000,0x00000000fdf80000)
 ParOldGen       total 285184K, used 154761K [0x00000000e0000000, 0x00000000f1680000, 0x00000000f5580000)
  object space 285184K, 54% used [0x00000000e0000000,0x00000000e97226c8,0x00000000f1680000)
 Metaspace       used 102628K, capacity 110024K, committed 110464K, reserved 1144832K
  class space    used 13525K, capacity 14979K, committed 15232K, reserved 1048576K
Event: 8832.596 GC heap after
Heap after GC invocations=66 (full 5):
 PSYoungGen      total 141312K, used 2944K [0x00000000f5580000, 0x0000000100000000, 0x0000000100000000)
  eden space 108032K, 0% used [0x00000000f5580000,0x00000000f5580000,0x00000000fbf00000)
  from space 33280K, 8% used [0x00000000fbf00000,0x00000000fc1e0020,0x00000000fdf80000)
  to   space 32768K, 0% used [0x00000000fe000000,0x00000000fe000000,0x0000000100000000)
 ParOldGen       total 285184K, used 177218K [0x00000000e0000000, 0x00000000f1680000, 0x00000000f5580000)
  object space 285184K, 62% used [0x00000000e0000000,0x00000000ead10a18,0x00000000f1680000)
 Metaspace       used 102628K, capacity 110024K, committed 110464K, reserved 1144832K
  class space    used 13525K, capacity 14979K, committed 15232K, reserved 1048576K
}
Event: 9840.672 GC heap before
{Heap before GC invocations=67 (full 5):
 PSYoungGen      total 141312K, used 110976K [0x00000000f5580000, 0x0000000100000000, 0x0000000100000000)
  eden space 108032K, 100% used [0x00000000f5580000,0x00000000fbf00000,0x00000000fbf00000)
  from space 33280K, 8% used [0x00000000fbf00000,0x00000000fc1e0020,0x00000000fdf80000)
  to   space 32768K, 0% used [0x00000000fe000000,0x00000000fe000000,0x0000000100000000)
 ParOldGen       total 285184K, used 177218K [0x00000000e0000000, 0x00000000f1680000, 0x00000000f5580000)
  object space 285184K, 62% used [0x00000000e0000000,0x00000000ead10a18,0x00000000f1680000)
 Metaspace       used 102920K, capacity 110400K, committed 110720K, reserved 1144832K
  class space    used 13554K, capacity 15025K, committed 15232K, reserved 1048576K
Event: 9840.812 GC heap after
Heap after GC invocations=67 (full 5):
 PSYoungGen      total 138752K, used 14613K [0x00000000f5580000, 0x00000000ffd80000, 0x0000000100000000)
  eden space 108544K, 0% used [0x00000000f5580000,0x00000000f5580000,0x00000000fbf80000)
  from space 30208K, 48% used [0x00000000fe000000,0x00000000fee45420,0x00000000ffd80000)
  to   space 31744K, 0% used [0x00000000fbf80000,0x00000000fbf80000,0x00000000fde80000)
 ParOldGen       total 285184K, used 178682K [0x00000000e0000000, 0x00000000f1680000, 0x00000000f5580000)
  object space 285184K, 62% used [0x00000000e0000000,0x00000000eae7e930,0x00000000f1680000)
 Metaspace       used 102920K, capacity 110400K, committed 110720K, reserved 1144832K
  class space    used 13554K, capacity 15025K, committed 15232K, reserved 1048576K
}
Event: 9847.585 GC heap before
{Heap before GC invocations=68 (full 5):
 PSYoungGen      total 138752K, used 123157K [0x00000000f5580000, 0x00000000ffd80000, 0x0000000100000000)
  eden space 108544K, 100% used [0x00000000f5580000,0x00000000fbf80000,0x00000000fbf80000)
  from space 30208K, 48% used [0x00000000fe000000,0x00000000fee45420,0x00000000ffd80000)
  to   space 31744K, 0% used [0x00000000fbf80000,0x00000000fbf80000,0x00000000fde80000)
 ParOldGen       total 285184K, used 178682K [0x00000000e0000000, 0x00000000f1680000, 0x00000000f5580000)
  object space 285184K, 62% used [0x00000000e0000000,0x00000000eae7e930,0x00000000f1680000)
 Metaspace       used 102933K, capacity 110464K, committed 110720K, reserved 1144832K
  class space    used 13554K, capacity 15025K, committed 15232K, reserved 1048576K
Event: 9847.973 GC heap after
Heap after GC invocations=68 (full 5):
 PSYoungGen      total 140288K, used 13792K [0x00000000f5580000, 0x00000000fff80000, 0x0000000100000000)
  eden space 108544K, 0% used [0x00000000f5580000,0x00000000f5580000,0x00000000fbf80000)
  from space 31744K, 43% used [0x00000000fbf80000,0x00000000fccf8030,0x00000000fde80000)
  to   space 30720K, 0% used [0x00000000fe180000,0x00000000fe180000,0x00000000fff80000)
 ParOldGen       total 285184K, used 192433K [0x00000000e0000000, 0x00000000f1680000, 0x00000000f5580000)
  object space 285184K, 67% used [0x00000000e0000000,0x00000000ebbec748,0x00000000f1680000)
 Metaspace       used 102933K, capacity 110464K, committed 110720K, reserved 1144832K
  class space    used 13554K, capacity 15025K, committed 15232K, reserved 1048576K
}

